DEBUG com.mchange.v2.async.ThreadPoolAsynchronousRunner$PoolThread-#0 com.mchange.v2.c3p0.impl.C3P0PooledConnectionPool - com.mchange.v2.c3p0.impl.C3P0PooledConnectionPool$1PooledConnectionResourcePoolManager@4e19b6e3.acquireResource() returning. 
DEBUG com.mchange.v2.async.ThreadPoolAsynchronousRunner$PoolThread-#0 com.mchange.v2.resourcepool.BasicResourcePool - trace com.mchange.v2.resourcepool.BasicResourcePool@503f91c3 [managed: 6, unused: 5, excluded: 0] (e.g. com.mchange.v2.c3p0.impl.NewPooledConnection@33693844)
DEBUG com.mchange.v2.async.ThreadPoolAsynchronousRunner$PoolThread-#0 com.mchange.v2.resourcepool.BasicResourcePool - decremented pending_acquires: 4
DEBUG com.mchange.v2.async.ThreadPoolAsynchronousRunner$PoolThread-#1 com.mchange.v2.c3p0.impl.C3P0PooledConnectionPool - com.mchange.v2.c3p0.impl.C3P0PooledConnectionPool$1PooledConnectionResourcePoolManager@4e19b6e3.acquireResource() returning. 
DEBUG com.mchange.v2.async.ThreadPoolAsynchronousRunner$PoolThread-#1 com.mchange.v2.resourcepool.BasicResourcePool - trace com.mchange.v2.resourcepool.BasicResourcePool@503f91c3 [managed: 7, unused: 6, excluded: 0] (e.g. com.mchange.v2.c3p0.impl.NewPooledConnection@33693844)
DEBUG com.mchange.v2.async.ThreadPoolAsynchronousRunner$PoolThread-#1 com.mchange.v2.resourcepool.BasicResourcePool - decremented pending_acquires: 3
DEBUG com.mchange.v2.async.ThreadPoolAsynchronousRunner$PoolThread-#2 com.mchange.v2.c3p0.impl.C3P0PooledConnectionPool - com.mchange.v2.c3p0.impl.C3P0PooledConnectionPool$1PooledConnectionResourcePoolManager@4e19b6e3.acquireResource() returning. 
DEBUG com.mchange.v2.async.ThreadPoolAsynchronousRunner$PoolThread-#2 com.mchange.v2.resourcepool.BasicResourcePool - trace com.mchange.v2.resourcepool.BasicResourcePool@503f91c3 [managed: 8, unused: 7, excluded: 0] (e.g. com.mchange.v2.c3p0.impl.NewPooledConnection@33693844)
DEBUG com.mchange.v2.async.ThreadPoolAsynchronousRunner$PoolThread-#2 com.mchange.v2.resourcepool.BasicResourcePool - decremented pending_acquires: 2
DEBUG com.mchange.v2.async.ThreadPoolAsynchronousRunner$PoolThread-#1 com.mchange.v2.c3p0.impl.C3P0PooledConnectionPool - com.mchange.v2.c3p0.impl.C3P0PooledConnectionPool$1PooledConnectionResourcePoolManager@4e19b6e3.acquireResource() returning. 
DEBUG com.mchange.v2.async.ThreadPoolAsynchronousRunner$PoolThread-#0 com.mchange.v2.c3p0.impl.C3P0PooledConnectionPool - com.mchange.v2.c3p0.impl.C3P0PooledConnectionPool$1PooledConnectionResourcePoolManager@4e19b6e3.acquireResource() returning. 
DEBUG com.mchange.v2.async.ThreadPoolAsynchronousRunner$PoolThread-#1 com.mchange.v2.resourcepool.BasicResourcePool - trace com.mchange.v2.resourcepool.BasicResourcePool@503f91c3 [managed: 9, unused: 8, excluded: 0] (e.g. com.mchange.v2.c3p0.impl.NewPooledConnection@33693844)
DEBUG com.mchange.v2.async.ThreadPoolAsynchronousRunner$PoolThread-#0 com.mchange.v2.resourcepool.BasicResourcePool - trace com.mchange.v2.resourcepool.BasicResourcePool@503f91c3 [managed: 10, unused: 9, excluded: 0] (e.g. com.mchange.v2.c3p0.impl.NewPooledConnection@33693844)
DEBUG com.mchange.v2.async.ThreadPoolAsynchronousRunner$PoolThread-#0 com.mchange.v2.resourcepool.BasicResourcePool - decremented pending_acquires: 1
DEBUG com.mchange.v2.async.ThreadPoolAsynchronousRunner$PoolThread-#1 com.mchange.v2.resourcepool.BasicResourcePool - decremented pending_acquires: 0
DEBUG main com.jisheng.dao.AdminDAO.getPermRole - ==> Parameters: /assessPage.jsp(String)
DEBUG main com.jisheng.dao.AdminDAO.getPermRole - <==      Total: 1
DEBUG main org.mybatis.spring.SqlSessionUtils - Closing non transactional SqlSession [org.apache.ibatis.session.defaults.DefaultSqlSession@4f0f2942]
DEBUG main org.springframework.jdbc.datasource.DataSourceUtils - Returning JDBC Connection to DataSource
DEBUG main com.mchange.v2.resourcepool.BasicResourcePool - trace com.mchange.v2.resourcepool.BasicResourcePool@503f91c3 [managed: 10, unused: 9, excluded: 0] (e.g. com.mchange.v2.c3p0.impl.NewPooledConnection@33693844)
DEBUG main org.springframework.test.context.support.DirtiesContextTestExecutionListener - After test method: context [[TestContext@6fadae5d testClass = UserDAOTest, locations = array<String>['classpath:spring/spring-dao.xml', 'classpath:spring/spring-service.xml'], testInstance = UserDAOTest@17f6480, testMethod = test1@UserDAOTest, testException = [null]]], class dirties context [false], class mode [null], method dirties context [false].
DEBUG main org.springframework.test.context.support.DirtiesContextTestExecutionListener - After test class: context [[TestContext@6fadae5d testClass = UserDAOTest, locations = array<String>['classpath:spring/spring-dao.xml', 'classpath:spring/spring-service.xml'], testInstance = [null], testMethod = [null], testException = [null]]], dirtiesContext [false].
INFO Thread-1 org.springframework.context.support.GenericApplicationContext - Closing org.springframework.context.support.GenericApplicationContext@2d554825: startup date [Tue Jul 31 19:39:14 CST 2018]; root of context hierarchy
DEBUG Thread-1 org.springframework.beans.factory.support.DefaultListableBeanFactory - Returning cached instance of singleton bean 'sqlSessionFactory'
DEBUG Thread-1 org.springframework.beans.factory.support.DefaultListableBeanFactory - Returning cached instance of singleton bean 'lifecycleProcessor'
DEBUG Thread-1 org.springframework.beans.factory.support.DefaultListableBeanFactory - Destroying singletons in org.springframework.beans.factory.support.DefaultListableBeanFactory@4516af24: defining beans [org.springframework.context.support.PropertySourcesPlaceholderConfigurer#0,dataSource,sqlSessionFactory,org.mybatis.spring.mapper.MapperScannerConfigurer#0,adminServiceImpl,assessServiceImpl,customerServiceImpl,foodServiceImpl,orderServiceImpl,storerServiceImpl,userServiceImpl,org.springframework.context.annotation.internalConfigurationAnnotationProcessor,org.springframework.context.annotation.internalAutowiredAnnotationProcessor,org.springframework.context.annotation.internalRequiredAnnotationProcessor,org.springframework.context.annotation.internalCommonAnnotationProcessor,org.springframework.context.event.internalEventListenerProcessor,org.springframework.context.event.internalEventListenerFactory,transactionManager,org.springframework.transaction.config.internalTransactionalEventListenerFactory,org.springframework.aop.config.internalAutoProxyCreator,org.springframework.transaction.annotation.AnnotationTransactionAttributeSource#0,org.springframework.transaction.interceptor.TransactionInterceptor#0,org.springframework.transaction.config.internalTransactionAdvisor,adminDAO,assessDAO,baseDAO,customerDAO,foodDAO,orderDAO,roleDAO,storerDAO,userDAO]; root of factory hierarchy
DEBUG Thread-1 org.springframework.beans.factory.support.DefaultListableBeanFactory - Retrieved dependent beans for bean 'sqlSessionFactory': [adminDAO, assessDAO, customerDAO, foodDAO, orderDAO, storerDAO, userDAO, baseDAO, roleDAO]
DEBUG Thread-1 org.springframework.beans.factory.support.DefaultListableBeanFactory - Retrieved dependent beans for bean 'adminDAO': [adminServiceImpl]
DEBUG Thread-1 org.springframework.beans.factory.support.DefaultListableBeanFactory - Retrieved dependent beans for bean 'adminServiceImpl': [UserDAOTest]
DEBUG Thread-1 org.springframework.beans.factory.support.DefaultListableBeanFactory - Retrieved dependent beans for bean 'assessDAO': [assessServiceImpl]
DEBUG Thread-1 org.springframework.beans.factory.support.DefaultListableBeanFactory - Retrieved dependent beans for bean 'customerDAO': [customerServiceImpl]
DEBUG Thread-1 org.springframework.beans.factory.support.DefaultListableBeanFactory - Retrieved dependent beans for bean 'foodDAO': [foodServiceImpl]
DEBUG Thread-1 org.springframework.beans.factory.support.DefaultListableBeanFactory - Retrieved dependent beans for bean 'orderDAO': [orderServiceImpl]
DEBUG Thread-1 org.springframework.beans.factory.support.DefaultListableBeanFactory - Retrieved dependent beans for bean 'storerDAO': [storerServiceImpl]
DEBUG Thread-1 org.springframework.beans.factory.support.DefaultListableBeanFactory - Retrieved dependent beans for bean 'userDAO': [userServiceImpl]
